2025-06-25T17:15:30.915+0800	ERROR	security/security_proxy.go:117	login in err:User ${NACOS_USERNAME} not found
2025-06-25T17:15:30.918+0800	INFO	naming_http/push_receiver.go:89	udp server start, port: 55729
2025-06-25T17:15:30.918+0800	INFO	rpc/rpc_client.go:157	init rpc client for name %!(EXTRA string=985eb9ab-5f0c-491d-8dc1-ef5cc4c36b2c)
2025-06-25T17:15:30.918+0800	INFO	rpc/rpc_client.go:166	get app conn labels from client config map[] 
2025-06-25T17:15:30.918+0800	INFO	rpc/rpc_client.go:168	get app conn labels from env map[] 
2025-06-25T17:15:30.918+0800	INFO	rpc/rpc_client.go:171	final app conn labels : map[] 
2025-06-25T17:15:30.918+0800	INFO	rpc/rpc_client.go:327	[RpcClient.Start] 985eb9ab-5f0c-491d-8dc1-ef5cc4c36b2c try to connect to server on start up, server: {serverIp:mse-df8d5240-p.nacos-ans.mse.aliyuncs.com serverPort:8848 serverGrpcPort:9848}
2025-06-25T17:15:30.918+0800	INFO	rpc/grpc_client.go:175	check tls config %!(EXTRA *constant.TLSConfig=&{false false false    })
2025-06-25T17:15:30.918+0800	INFO	rpc/grpc_client.go:180	try to get tls config from env
2025-06-25T17:15:30.918+0800	INFO	rpc/grpc_client.go:189	 tls config from env is not enable
2025-06-25T17:15:30.920+0800	INFO	util/common.go:96	Local IP:192.168.255.254
2025-06-25T17:15:31.145+0800	INFO	rpc/rpc_client.go:337	985eb9ab-5f0c-491d-8dc1-ef5cc4c36b2c success to connect to server {serverIp:mse-df8d5240-p.nacos-ans.mse.aliyuncs.com serverPort:8848 serverGrpcPort:9848} on start up, connectionId=1750842931027_36.101.203.67_41129
2025-06-25T17:15:31.146+0800	INFO	naming_grpc/naming_grpc_proxy.go:95	register instance namespaceId:<public>,serviceName:<gatesvr> with instance:<{"instanceId":"","ip":"192.168.0.107","port":50051,"weight":10,"healthy":true,"enabled":true,"ephemeral":true,"clusterName":"","serviceName":"","metadata":{"instanceID":"gatesvr-1750842930575136000"},"instanceHeartBeatInterval":0,"ipDeleteTimeout":0,"instanceHeartBeatTimeOut":0}>
2025-06-25T17:15:35.961+0800	ERROR	security/security_proxy.go:117	login in err:User ${NACOS_USERNAME} not found
2025-06-25T17:15:41.000+0800	ERROR	security/security_proxy.go:117	login in err:User ${NACOS_USERNAME} not found
2025-06-25T17:15:46.039+0800	ERROR	security/security_proxy.go:117	login in err:User ${NACOS_USERNAME} not found
2025-06-25T18:11:42.864+0800	ERROR	security/security_proxy.go:117	login in err:User ${NACOS_USERNAME} not found
2025-06-25T18:11:42.867+0800	INFO	naming_http/push_receiver.go:89	udp server start, port: 55039
2025-06-25T18:11:42.867+0800	INFO	rpc/rpc_client.go:157	init rpc client for name %!(EXTRA string=0148eccd-7c6b-4647-abb4-95efbb5e9718)
2025-06-25T18:11:42.867+0800	INFO	rpc/rpc_client.go:166	get app conn labels from client config map[] 
2025-06-25T18:11:42.867+0800	INFO	rpc/rpc_client.go:168	get app conn labels from env map[] 
2025-06-25T18:11:42.867+0800	INFO	rpc/rpc_client.go:171	final app conn labels : map[] 
2025-06-25T18:11:42.867+0800	INFO	rpc/rpc_client.go:327	[RpcClient.Start] 0148eccd-7c6b-4647-abb4-95efbb5e9718 try to connect to server on start up, server: {serverIp:mse-df8d5240-p.nacos-ans.mse.aliyuncs.com serverPort:8848 serverGrpcPort:9848}
2025-06-25T18:11:42.867+0800	INFO	rpc/grpc_client.go:175	check tls config %!(EXTRA *constant.TLSConfig=&{false false false    })
2025-06-25T18:11:42.867+0800	INFO	rpc/grpc_client.go:180	try to get tls config from env
2025-06-25T18:11:42.867+0800	INFO	rpc/grpc_client.go:189	 tls config from env is not enable
2025-06-25T18:11:42.868+0800	INFO	util/common.go:96	Local IP:192.168.255.254
2025-06-25T18:11:43.089+0800	INFO	rpc/rpc_client.go:337	0148eccd-7c6b-4647-abb4-95efbb5e9718 success to connect to server {serverIp:mse-df8d5240-p.nacos-ans.mse.aliyuncs.com serverPort:8848 serverGrpcPort:9848} on start up, connectionId=1750846303038_36.101.203.67_39131
2025-06-25T18:11:43.089+0800	INFO	naming_grpc/naming_grpc_proxy.go:95	register instance namespaceId:<public>,serviceName:<gatesvr> with instance:<{"instanceId":"","ip":"192.168.0.107","port":50051,"weight":10,"healthy":true,"enabled":true,"ephemeral":true,"clusterName":"","serviceName":"","metadata":{"instanceID":"gatesvr-1750846302350501000"},"instanceHeartBeatInterval":0,"ipDeleteTimeout":0,"instanceHeartBeatTimeOut":0}>
2025-06-25T18:11:47.910+0800	ERROR	security/security_proxy.go:117	login in err:User ${NACOS_USERNAME} not found
2025-06-25T18:11:52.952+0800	ERROR	security/security_proxy.go:117	login in err:User ${NACOS_USERNAME} not found
2025-06-25T18:11:57.998+0800	ERROR	security/security_proxy.go:117	login in err:User ${NACOS_USERNAME} not found
2025-06-25T18:12:03.042+0800	ERROR	security/security_proxy.go:117	login in err:User ${NACOS_USERNAME} not found
2025-06-25T18:12:08.088+0800	ERROR	security/security_proxy.go:117	login in err:User ${NACOS_USERNAME} not found
2025-06-25T18:12:13.131+0800	ERROR	security/security_proxy.go:117	login in err:User ${NACOS_USERNAME} not found
2025-06-25T18:12:18.175+0800	ERROR	security/security_proxy.go:117	login in err:User ${NACOS_USERNAME} not found
2025-06-25T18:12:23.220+0800	ERROR	security/security_proxy.go:117	login in err:User ${NACOS_USERNAME} not found
2025-06-25T18:12:28.273+0800	ERROR	security/security_proxy.go:117	login in err:User ${NACOS_USERNAME} not found
2025-06-25T18:12:33.329+0800	ERROR	security/security_proxy.go:117	login in err:User ${NACOS_USERNAME} not found
2025-06-25T18:12:38.374+0800	ERROR	security/security_proxy.go:117	login in err:User ${NACOS_USERNAME} not found
2025-06-25T18:12:43.417+0800	ERROR	security/security_proxy.go:117	login in err:User ${NACOS_USERNAME} not found
2025-06-25T18:12:48.461+0800	ERROR	security/security_proxy.go:117	login in err:User ${NACOS_USERNAME} not found
2025-06-25T18:12:53.507+0800	ERROR	security/security_proxy.go:117	login in err:User ${NACOS_USERNAME} not found
2025-06-25T18:12:58.550+0800	ERROR	security/security_proxy.go:117	login in err:User ${NACOS_USERNAME} not found
2025-06-25T18:13:03.595+0800	ERROR	security/security_proxy.go:117	login in err:User ${NACOS_USERNAME} not found
2025-06-25T18:13:08.639+0800	ERROR	security/security_proxy.go:117	login in err:User ${NACOS_USERNAME} not found
2025-06-25T18:13:13.684+0800	ERROR	security/security_proxy.go:117	login in err:User ${NACOS_USERNAME} not found
2025-06-25T18:13:18.728+0800	ERROR	security/security_proxy.go:117	login in err:User ${NACOS_USERNAME} not found
2025-06-25T18:13:23.773+0800	ERROR	security/security_proxy.go:117	login in err:User ${NACOS_USERNAME} not found
2025-06-25T18:13:28.817+0800	ERROR	security/security_proxy.go:117	login in err:User ${NACOS_USERNAME} not found
2025-06-25T18:13:33.860+0800	ERROR	security/security_proxy.go:117	login in err:User ${NACOS_USERNAME} not found
2025-06-25T18:13:38.903+0800	ERROR	security/security_proxy.go:117	login in err:User ${NACOS_USERNAME} not found
2025-06-25T18:13:43.946+0800	ERROR	security/security_proxy.go:117	login in err:User ${NACOS_USERNAME} not found
2025-06-25T18:13:48.989+0800	ERROR	security/security_proxy.go:117	login in err:User ${NACOS_USERNAME} not found
2025-06-25T18:13:54.032+0800	ERROR	security/security_proxy.go:117	login in err:User ${NACOS_USERNAME} not found
2025-06-25T18:13:59.076+0800	ERROR	security/security_proxy.go:117	login in err:User ${NACOS_USERNAME} not found
2025-06-25T18:14:04.118+0800	ERROR	security/security_proxy.go:117	login in err:User ${NACOS_USERNAME} not found
2025-06-25T18:14:09.162+0800	ERROR	security/security_proxy.go:117	login in err:User ${NACOS_USERNAME} not found
2025-06-25T18:14:14.206+0800	ERROR	security/security_proxy.go:117	login in err:User ${NACOS_USERNAME} not found
2025-06-25T18:14:19.248+0800	ERROR	security/security_proxy.go:117	login in err:User ${NACOS_USERNAME} not found
2025-06-25T18:14:24.293+0800	ERROR	security/security_proxy.go:117	login in err:User ${NACOS_USERNAME} not found
2025-06-25T18:14:29.349+0800	ERROR	security/security_proxy.go:117	login in err:User ${NACOS_USERNAME} not found
2025-06-25T18:14:34.392+0800	ERROR	security/security_proxy.go:117	login in err:User ${NACOS_USERNAME} not found
2025-06-25T18:14:39.436+0800	ERROR	security/security_proxy.go:117	login in err:User ${NACOS_USERNAME} not found
2025-06-25T18:14:44.480+0800	ERROR	security/security_proxy.go:117	login in err:User ${NACOS_USERNAME} not found
2025-06-25T18:14:49.523+0800	ERROR	security/security_proxy.go:117	login in err:User ${NACOS_USERNAME} not found
2025-06-25T18:14:54.567+0800	ERROR	security/security_proxy.go:117	login in err:User ${NACOS_USERNAME} not found
2025-06-25T18:14:59.610+0800	ERROR	security/security_proxy.go:117	login in err:User ${NACOS_USERNAME} not found
2025-06-25T18:15:04.654+0800	ERROR	security/security_proxy.go:117	login in err:User ${NACOS_USERNAME} not found
2025-06-25T18:15:09.698+0800	ERROR	security/security_proxy.go:117	login in err:User ${NACOS_USERNAME} not found
2025-06-25T18:15:14.740+0800	ERROR	security/security_proxy.go:117	login in err:User ${NACOS_USERNAME} not found
2025-06-25T18:15:19.783+0800	ERROR	security/security_proxy.go:117	login in err:User ${NACOS_USERNAME} not found
2025-06-25T18:15:24.827+0800	ERROR	security/security_proxy.go:117	login in err:User ${NACOS_USERNAME} not found
2025-06-25T18:15:29.870+0800	ERROR	security/security_proxy.go:117	login in err:User ${NACOS_USERNAME} not found
2025-06-25T18:15:34.915+0800	ERROR	security/security_proxy.go:117	login in err:User ${NACOS_USERNAME} not found
2025-06-25T18:15:39.959+0800	ERROR	security/security_proxy.go:117	login in err:User ${NACOS_USERNAME} not found
2025-06-25T19:29:28.891+0800	ERROR	security/security_proxy.go:117	login in err:User ${NACOS_USERNAME} not found
2025-06-25T19:29:28.892+0800	INFO	naming_http/push_receiver.go:89	udp server start, port: 55274
2025-06-25T19:29:28.893+0800	INFO	rpc/rpc_client.go:157	init rpc client for name %!(EXTRA string=110c9a77-4cf4-4aa7-8e4f-c96670a3b579)
2025-06-25T19:29:28.893+0800	INFO	rpc/rpc_client.go:166	get app conn labels from client config map[] 
2025-06-25T19:29:28.893+0800	INFO	rpc/rpc_client.go:168	get app conn labels from env map[] 
2025-06-25T19:29:28.893+0800	INFO	rpc/rpc_client.go:171	final app conn labels : map[] 
2025-06-25T19:29:28.893+0800	INFO	rpc/rpc_client.go:327	[RpcClient.Start] 110c9a77-4cf4-4aa7-8e4f-c96670a3b579 try to connect to server on start up, server: {serverIp:mse-df8d5240-p.nacos-ans.mse.aliyuncs.com serverPort:8848 serverGrpcPort:9848}
2025-06-25T19:29:28.893+0800	INFO	rpc/grpc_client.go:175	check tls config %!(EXTRA *constant.TLSConfig=&{false false false    })
2025-06-25T19:29:28.893+0800	INFO	rpc/grpc_client.go:180	try to get tls config from env
2025-06-25T19:29:28.893+0800	INFO	rpc/grpc_client.go:189	 tls config from env is not enable
2025-06-25T19:29:28.894+0800	INFO	util/common.go:96	Local IP:192.168.255.254
2025-06-25T19:29:29.108+0800	INFO	rpc/rpc_client.go:337	110c9a77-4cf4-4aa7-8e4f-c96670a3b579 success to connect to server {serverIp:mse-df8d5240-p.nacos-ans.mse.aliyuncs.com serverPort:8848 serverGrpcPort:9848} on start up, connectionId=1750850969079_36.101.203.67_38324
2025-06-25T19:29:29.110+0800	INFO	naming_grpc/naming_grpc_proxy.go:95	register instance namespaceId:<public>,serviceName:<gatesvr> with instance:<{"instanceId":"","ip":"192.168.0.107","port":50051,"weight":10,"healthy":true,"enabled":true,"ephemeral":true,"clusterName":"","serviceName":"","metadata":{"instanceID":"gatesvr-1750850968383492000"},"instanceHeartBeatInterval":0,"ipDeleteTimeout":0,"instanceHeartBeatTimeOut":0}>
2025-06-25T19:29:33.935+0800	ERROR	security/security_proxy.go:117	login in err:User ${NACOS_USERNAME} not found
2025-06-25T19:29:38.978+0800	ERROR	security/security_proxy.go:117	login in err:User ${NACOS_USERNAME} not found
